<?xml version="1.0" encoding="UTF-8"?>
<testng-results ignored="0" total="0" passed="0" failed="0" skipped="0">
  <reporter-output>
  </reporter-output>
  <suite started-at="2021-11-10T16:47:03 CST" name="Default suite" finished-at="2021-11-10T16:47:27 CST" duration-ms="23797">
    <groups>
    </groups>
    <test started-at="2021-11-10T16:47:03 CST" name="Default test" finished-at="2021-11-10T16:47:27 CST" duration-ms="23797">
      <class name="com.google.googleSearchValidateElements">
        <test-method is-config="true" signature="setUp()[pri:0, instance:com.google.googleSearchValidateElements@73700b80]" started-at="2021-11-10T16:47:04 CST" name="setUp" finished-at="2021-11-10T16:47:27 CST" duration-ms="23788" status="PASS">
          <reporter-output>
          </reporter-output>
        </test-method> <!-- setUp -->
      </class> <!-- com.google.googleSearchValidateElements -->
    </test> <!-- Default test -->
  </suite> <!-- Default suite -->
</testng-results>
