<?xml version="1.0" encoding="UTF-8"?>
<testng-results ignored="0" total="1" passed="1" failed="0" skipped="0">
  <reporter-output>
  </reporter-output>
  <suite started-at="2021-11-10T17:37:34 CST" name="Default suite" finished-at="2021-11-10T17:37:43 CST" duration-ms="8747">
    <groups>
    </groups>
    <test started-at="2021-11-10T17:37:34 CST" name="Default test" finished-at="2021-11-10T17:37:43 CST" duration-ms="8747">
      <class name="com.google.googleSearchValidateElements">
        <test-method is-config="true" signature="setUp()[pri:0, instance:com.google.googleSearchValidateElements@7fee8714]" started-at="2021-11-10T17:37:34 CST" name="setUp" finished-at="2021-11-10T17:37:38 CST" duration-ms="4533" status="PASS">
          <reporter-output>
          </reporter-output>
        </test-method> <!-- setUp -->
        <test-method signature="googleSearchList()[pri:0, instance:com.google.googleSearchValidateElements@7fee8714]" started-at="2021-11-10T17:37:38 CST" name="googleSearchList" finished-at="2021-11-10T17:37:38 CST" duration-ms="8" status="PASS">
          <reporter-output>
          </reporter-output>
        </test-method> <!-- googleSearchList -->
        <test-method is-config="true" signature="closeBrowser()[pri:0, instance:com.google.googleSearchValidateElements@7fee8714]" started-at="2021-11-10T17:37:38 CST" name="closeBrowser" finished-at="2021-11-10T17:37:43 CST" duration-ms="4181" status="PASS">
          <reporter-output>
          </reporter-output>
        </test-method> <!-- closeBrowser -->
      </class> <!-- com.google.googleSearchValidateElements -->
    </test> <!-- Default test -->
  </suite> <!-- Default suite -->
</testng-results>
